[07/29/2022 08:16:55] Debug: Session id: c5de1dbb-5261-47b4-8cff-1042f072bfc4
[07/29/2022 08:16:55] Debug: Code Processor information: Name :SnowConvert, Version: 7.11.18.0
[07/29/2022 08:16:56] Debug: Getting license
[07/29/2022 08:16:56] Debug: License information
	Status: Failed
	Message: No active license available.
[07/29/2022 08:16:56] Info: Starting to validate parameters
[07/29/2022 08:16:56] Info: Parameters to validate: 
	Execution mode: Conversion
	LICENSE_KEY: a3372138-b87e-4a08-b929-3b48b24c63f1
[07/29/2022 08:16:56] Info: Validation of parameters: Success
[07/29/2022 08:16:56] Debug: Getting code descriptor
[07/29/2022 08:16:56] Debug: Code descriptor information
	Units: 51
	Units type: LOC
	All file bytes: 2141
	All found extensions: .sql,.dml,.ddl,.bteq,.btq,.fl,.fload,.ml,.mload,.mld,.tp,.tpump,.tpt
[07/29/2022 08:16:56] Debug: Calculating fingerprint
[07/29/2022 08:16:56] Debug: Fingerprint information Fingerprint(size=2141,projects=1)
[07/29/2022 08:16:56] Info: Starting to try to validate online license for execution
[07/29/2022 08:16:58] Debug: Getting license
[07/29/2022 08:16:58] Debug: License information
	Status: Failed
	Message: No active license available.
[07/29/2022 08:16:58] Debug: Starting the execution of the controller
[07/29/2022 08:16:59] Debug: Executing the worker: SnowConvert
[07/29/2022 08:17:10] Debug: Finished executing the worker: SnowConvert
[07/29/2022 08:17:12] Info: Controller execution ended
